2025/12/03 18:34:57 Авторизован как bingo_bkz_bot
2025/12/03 18:34:57 [chernyj_memchik] Message: Бинго
2025/12/03 18:34:57 [chernyj_memchik] Message: Бинго
2025/12/03 18:34:57 [chernyj_memchik] Message: Бинго
2025/12/03 18:34:58 [chernyj_memchik] Message: /log
2025/12/03 18:34:58 [chernyj_memchik] Message: /log
2025/12/03 18:34:58 [chernyj_memchik] Message: /log
2025/12/03 18:35:30 [chernyj_memchik] Message: Бинго
2025/12/03 18:35:37 [chernyj_memchik] Message: Статьи по темам
2025/12/03 18:35:38 [chernyj_memchik] Callback: topic:,space
2025/12/03 18:35:40 [chernyj_memchik] Message: Рандомная статья
2025/12/03 18:35:43 [chernyj_memchik] Message: Список статей
2025/12/03 18:35:43 Bad Request: message text is empty
2025/12/03 23:01:36 Авторизован как ruslan2107_test_bot
2025/12/03 23:01:59 [chernyj_memchik] Message: /start
2025/12/03 23:02:00 [chernyj_memchik] Message: /help
2025/12/03 23:02:01 [chernyj_memchik] Message: Рандомная статья
2025/12/03 23:02:03 [chernyj_memchik] Message: Список статей
2025/12/03 23:02:03 Bad Request: message text is empty
2025/12/03 23:02:04 [chernyj_memchik] Message: Статьи по темам
2025/12/03 23:02:07 [chernyj_memchik] Callback: topic:,sport
2025/12/03 23:02:07 Bad Request: message text is empty
2025/12/03 23:02:20 [chernyj_memchik] Message: Рандомная статья
2025/12/03 23:03:22 Авторизован как ruslan2107_test_bot
2025/12/03 23:03:23 [chernyj_memchik] Message: Рандомная статья
2025/12/03 23:03:28 [chernyj_memchik] Message: Список статей
2025/12/03 23:03:28 Bad Request: message text is empty
2025/12/03 23:04:15 [chernyj_memchik] Message: Статьи по темам
2025/12/03 23:04:16 [chernyj_memchik] Callback: topic:,quote
2025/12/03 23:14:41 Авторизован как ruslan2107_test_bot
2025/12/03 23:14:47 [chernyj_memchik] Message: Рандомная статья
2025/12/03 23:14:51 [chernyj_memchik] Message: Статьи по темам
2025/12/03 23:14:52 [chernyj_memchik] Callback: topic:,myth
2025/12/03 23:15:10 Авторизован как ruslan2107_test_bot
2025/12/03 23:15:14 [chernyj_memchik] Message: Список статей
2025/12/03 23:15:15 Bad Request: message text is empty
2025/12/03 23:15:17 [chernyj_memchik] Message: /610
2025/12/03 23:15:20 [chernyj_memchik] Message: /584
2025/12/03 23:15:24 [chernyj_memchik] Message: /603
2025/12/03 23:15:27 [chernyj_memchik] Message: /609
2025/12/03 23:16:07 Авторизован как ruslan2107_test_bot
2025/12/03 23:16:13 [chernyj_memchik] Message: /609
2025/12/03 23:16:16 [chernyj_memchik] Message: /610
2025/12/03 23:16:28 Авторизован как ruslan2107_test_bot
2025/12/03 23:16:30 [chernyj_memchik] Message: /610
2025/12/03 23:16:33 [chernyj_memchik] Message: Список статей
2025/12/03 23:16:33 Bad Request: message text is empty
2025/12/03 23:16:38 [chernyj_memchik] Message: /603
2025/12/03 23:17:11 [chernyj_memchik] Message: /help
2025/12/03 23:17:12 [chernyj_memchik] Message: Рандомная статья
2025/12/03 23:17:46 [chernyj_memchik] Message: /test
2025/12/03 23:17:49 [chernyj_memchik] Message: /help
2025/12/03 23:17:50 [chernyj_memchik] Message: Рандомная статья
2025/12/03 23:17:51 [chernyj_memchik] Message: Список статей
2025/12/03 23:17:51 Bad Request: message text is empty
2025/12/03 23:17:58 [chernyj_memchik] Message: /583
2025/12/03 23:18:03 [chernyj_memchik] Message: /610
2025/12/03 23:18:22 [chernyj_memchik] Message: /610
2025/12/03 23:18:45 [chernyj_memchik] Message: Статьи по темам
2025/12/03 23:18:46 [chernyj_memchik] Callback: topic:,rel
2025/12/03 23:18:50 [chernyj_memchik] Message: /1
2025/12/03 23:22:25 [N1rvanner] Message: /start
2025/12/03 23:22:30 [N1rvanner] Message: Список статей
2025/12/03 23:22:30 Bad Request: message text is empty
2025/12/03 23:22:51 [N1rvanner] Message: Рандомная статья
2025/12/03 23:22:53 [N1rvanner] Message: Статьи по темам
2025/12/03 23:22:55 [N1rvanner] Message: Бинго
2025/12/03 23:23:17 Авторизован как ruslan2107_test_bot
2025/12/03 23:23:26 [chernyj_memchik] Message: /1
2025/12/03 23:23:34 [chernyj_memchik] Message: /help
2025/12/03 23:23:36 [chernyj_memchik] Message: Рандомная статья
2025/12/03 23:23:36 [chernyj_memchik] Message: Список статей
2025/12/03 23:23:37 Bad Request: message text is empty
2025/12/03 23:23:39 [chernyj_memchik] Message: /611
2025/12/03 23:24:16 [chernyj_memchik] Message: /610
2025/12/03 23:33:22 [N1rvanner] Message: /610
2025/12/03 23:34:48 [N1rvanner] Message: /50
2025/12/03 23:36:22 Авторизован как ruslan2107_test_bot
2025/12/03 23:36:28 [chernyj_memchik] Message: /611
2025/12/03 23:43:05 Авторизован как ruslan2107_test_bot
2025/12/03 23:43:10 [chernyj_memchik] Message: /611
2025/12/03 23:45:23 Авторизован как ruslan2107_test_bot
2025/12/03 23:45:23 [chernyj_memchik] Message: /611
2025/12/03 23:47:04 Авторизован как ruslan2107_test_bot
2025/12/03 23:47:06 [chernyj_memchik] Message: /611
2025/12/03 23:47:09 [chernyj_memchik] Message: Статьи по темам
2025/12/03 23:47:10 [chernyj_memchik] Callback: topic:,space
2025/12/03 23:47:12 [chernyj_memchik] Message: /0
2025/12/03 23:50:52 Авторизован как ruslan2107_test_bot
2025/12/03 23:50:52 [chernyj_memchik] Message: Рандомная статья
2025/12/03 23:50:52 [chernyj_memchik] Message: Статьи по темам
2025/12/03 23:50:52 [chernyj_memchik] Message: /0
2025/12/03 23:50:52 [chernyj_memchik] Message: Рандомная статья
2025/12/03 23:50:53 [chernyj_memchik] Message: Статьи по темам
2025/12/03 23:50:53 [chernyj_memchik] Message: Список статей
2025/12/03 23:50:53 Bad Request: message text is empty
2025/12/03 23:50:53 [chernyj_memchik] Message: Рандомная статья
2025/12/03 23:50:53 [chernyj_memchik] Message: Бинго
2025/12/03 23:50:53 [chernyj_memchik] Message: Статьи по темам
2025/12/03 23:50:53 [chernyj_memchik] Message: Список статей
2025/12/03 23:50:54 Bad Request: message text is empty
2025/12/03 23:50:54 [chernyj_memchik] Message: Бинго
2025/12/03 23:50:54 [chernyj_memchik] Message: Рандомная статья
2025/12/03 23:50:54 [chernyj_memchik] Message: Рандомная статья
2025/12/03 23:51:03 [chernyj_memchik] Message: Статьи по темам
2025/12/03 23:51:04 [chernyj_memchik] Callback: topic:,music
2025/12/03 23:51:06 [chernyj_memchik] Message: /459
2025/12/03 23:51:59 [chernyj_memchik] Message: /482
2025/12/03 23:52:03 [chernyj_memchik] Message: /489
2025/12/03 23:52:09 [chernyj_memchik] Message: /464
2025/12/03 23:56:10 Авторизован как ruslan2107_test_bot
2025/12/03 23:56:20 [chernyj_memchik] Message: /464
2025/12/03 23:56:36 Авторизован как ruslan2107_test_bot
2025/12/03 23:56:45 [chernyj_memchik] Message: /464
2025/12/03 23:56:47 [chernyj_memchik] Callback: null
2025/12/03 23:56:48 [chernyj_memchik] Callback: null
2025/12/04 00:01:48 Авторизован как ruslan2107_test_bot
2025/12/04 00:01:57 [chernyj_memchik] Callback: null
2025/12/04 00:01:58 [chernyj_memchik] Message: /464
2025/12/04 00:01:59 [chernyj_memchik] Callback: google:4'33''
2025/12/04 00:02:33 Авторизован как ruslan2107_test_bot
2025/12/04 00:02:34 [chernyj_memchik] Callback: google:4'33''
2025/12/04 00:03:59 Авторизован как ruslan2107_test_bot
2025/12/04 00:04:04 [chernyj_memchik] Callback: null
2025/12/04 00:04:05 [chernyj_memchik] Callback: google:4'33''
2025/12/04 00:04:06 [chernyj_memchik] Message: Рандомная статья
2025/12/04 00:04:09 [chernyj_memchik] Message: Статьи по темам
2025/12/04 00:04:10 [chernyj_memchik] Message: Бинго
2025/12/04 00:04:11 [chernyj_memchik] Message: Список статей
2025/12/04 00:04:11 Bad Request: message text is empty
2025/12/04 00:04:13 [chernyj_memchik] Message: /583
2025/12/04 00:04:14 [chernyj_memchik] Callback: wiki:Эсперанто
2025/12/04 00:04:19 [chernyj_memchik] Callback: google:Эсперанто
2025/12/04 00:04:39 [N1rvanner] Message: Рандомная статья
2025/12/04 00:04:42 [N1rvanner] Message: Рандомная статья
2025/12/04 00:05:01 [N1rvanner] Message: /55
2025/12/04 00:05:22 [N1rvanner] Callback: null
2025/12/04 00:05:28 [N1rvanner] Callback: wiki:Бирс, Амброз
2025/12/04 00:05:30 [N1rvanner] Callback: google:Бирс, Амброз
2025/12/04 00:05:57 [N1rvanner] Callback: null
2025/12/04 00:06:06 [chernyj_memchik] Message: /582
2025/12/04 00:06:08 [chernyj_memchik] Callback: wiki:Тетрамино
2025/12/04 00:06:57 [chernyj_memchik] Message: /55
2025/12/04 00:06:59 [chernyj_memchik] Callback: wiki:Бирс, Амброз
2025/12/04 00:07:13 [N1rvanner] Message: /666
2025/12/04 00:07:13 статьи с указаннным номером нет
2025/12/04 00:07:18 [N1rvanner] Message: /42
2025/12/04 00:07:43 [N1rvanner] Message: /69
2025/12/04 00:14:07 Авторизован как ruslan2107_test_bot
2025/12/04 00:14:11 [chernyj_memchik] Message: Рандомная статья
2025/12/04 00:14:11 Bad Request: message text is empty
2025/12/04 00:14:13 [chernyj_memchik] Callback: wiki:Принцип, Гаврило
2025/12/04 00:14:18 [chernyj_memchik] Callback: google:Принцип, Гаврило
2025/12/04 00:15:51 [chernyj_memchik] Message: Рандомная статья
2025/12/04 00:15:51 Bad Request: message text is empty
2025/12/04 00:15:52 [chernyj_memchik] Callback: wiki:Эсперанто
2025/12/04 00:15:55 [chernyj_memchik] Message: Рандомная статья
2025/12/04 00:15:55 Bad Request: message text is empty
2025/12/04 00:16:07 [chernyj_memchik] Callback: google:Бертильон, Альфонс
2025/12/04 00:16:14 [chernyj_memchik] Message: Рандомная статья
2025/12/04 00:16:14 Bad Request: message text is empty
2025/12/04 00:16:19 [chernyj_memchik] Message: Рандомная статья
2025/12/04 00:16:19 Bad Request: message text is empty
2025/12/04 00:16:31 [chernyj_memchik] Callback: wiki:Все критяне лжецы
2025/12/04 00:17:08 [chernyj_memchik] Callback: google:Все критяне лжецы
2025/12/04 00:18:28 Авторизован как ruslan2107_test_bot
2025/12/04 00:18:30 [chernyj_memchik] Callback: google:Все критяне лжецы
2025/12/04 00:18:55 [chernyj_memchik] Callback: null
2025/12/04 00:18:58 [chernyj_memchik] Callback: wiki:Все критяне лжецы
2025/12/04 00:20:12 Авторизован как ruslan2107_test_bot
2025/12/04 00:20:14 [chernyj_memchik] Callback: null
2025/12/04 00:23:20 Авторизован как ruslan2107_test_bot
2025/12/04 00:23:22 [chernyj_memchik] Message: Рандомная статья
2025/12/04 00:23:22 Bad Request: message text is empty
2025/12/04 00:23:24 [chernyj_memchik] Callback: questions:Бирс, Амброз
2025/12/04 00:23:25 [chernyj_memchik] Callback: wiki:Бирс, Амброз
2025/12/04 00:23:26 [chernyj_memchik] Callback: google:Бирс, Амброз
2025/12/04 00:24:49 Авторизован как ruslan2107_test_bot
2025/12/04 00:24:51 [chernyj_memchik] Callback: wiki:Бирс, Амброз
2025/12/04 00:24:51 Bad Request: can't parse entities: Can't find end of the entity starting at byte offset 39
2025/12/04 00:24:55 [chernyj_memchik] Callback: questions:Бирс, Амброз
2025/12/04 00:24:56 [chernyj_memchik] Callback: google:Бирс, Амброз
2025/12/04 00:24:57 [chernyj_memchik] Callback: wiki:Бирс, Амброз
2025/12/04 00:24:57 Bad Request: can't parse entities: Can't find end of the entity starting at byte offset 39
2025/12/04 00:24:59 [chernyj_memchik] Message: Статьи по темам
2025/12/04 00:25:00 [chernyj_memchik] Message: Рандомная статья
2025/12/04 00:25:00 Bad Request: message text is empty
2025/12/04 00:25:05 [chernyj_memchik] Callback: wiki:Бирс, Амброз
2025/12/04 00:25:05 Bad Request: can't parse entities: Can't find end of the entity starting at byte offset 39
2025/12/04 00:25:07 [chernyj_memchik] Callback: wiki:Апории Зенона
2025/12/04 00:25:07 Bad Request: can't parse entities: Can't find end of the entity starting at byte offset 42
2025/12/04 00:25:38 [chernyj_memchik] Callback: wiki:Апории Зенона
2025/12/04 00:25:38 Bad Request: can't parse entities: Can't find end of the entity starting at byte offset 42
2025/12/04 00:27:34 [chernyj_memchik] Callback: wiki:Апории Зенона
2025/12/04 00:27:35 Bad Request: can't parse entities: Can't find end of the entity starting at byte offset 42
2025/12/04 00:27:36 [chernyj_memchik] Callback: google:Апории Зенона
2025/12/04 00:27:37 [chernyj_memchik] Callback: wiki:Апории Зенона
2025/12/04 00:27:37 Bad Request: can't parse entities: Can't find end of the entity starting at byte offset 42
2025/12/04 00:27:38 [chernyj_memchik] Callback: wiki:Апории Зенона
2025/12/04 00:27:38 Bad Request: can't parse entities: Can't find end of the entity starting at byte offset 42
2025/12/04 00:28:56 Авторизован как ruslan2107_test_bot
2025/12/04 00:28:56 [chernyj_memchik] Callback: wiki:Апории Зенона
2025/12/04 00:28:56 Bad Request: can't parse entities: Can't find end of the entity starting at byte offset 66
2025/12/04 00:28:59 [chernyj_memchik] Callback: google:Апории Зенона
2025/12/04 00:29:00 [chernyj_memchik] Callback: wiki:Апории Зенона
2025/12/04 00:29:00 Bad Request: can't parse entities: Can't find end of the entity starting at byte offset 66
2025/12/04 00:29:10 Авторизован как ruslan2107_test_bot
2025/12/04 00:29:12 [chernyj_memchik] Message: Рандомная статья
2025/12/04 00:29:12 Bad Request: message text is empty
2025/12/04 00:29:13 [chernyj_memchik] Callback: wiki:Генрих Бёлль
2025/12/04 00:29:13 Bad Request: can't parse entities: Can't find end of the entity starting at byte offset 66
2025/12/04 00:29:16 [chernyj_memchik] Callback: wiki:Апории Зенона
2025/12/04 00:29:16 Bad Request: can't parse entities: Can't find end of the entity starting at byte offset 66
2025/12/04 00:34:37 Авторизован как ruslan2107_test_bot
2025/12/04 00:34:44 [chernyj_memchik] Message: Статьи по темам
2025/12/04 00:35:19 Авторизован как ruslan2107_test_bot
2025/12/04 00:35:20 [chernyj_memchik] Message: Статьи по темам
2025/12/04 00:35:39 Авторизован как ruslan2107_test_bot
2025/12/04 00:35:41 [chernyj_memchik] Message: Статьи по темам
2025/12/04 00:35:43 [chernyj_memchik] Callback: topic:,quote
2025/12/04 00:35:45 [chernyj_memchik] Message: /462
2025/12/04 00:35:47 [chernyj_memchik] Callback: wiki:15 минут славы
2025/12/04 00:36:13 Авторизован как ruslan2107_test_bot
2025/12/04 00:36:14 [chernyj_memchik] Callback: wiki:15 минут славы
